<?xml version="1.0" encoding="UTF-8"?>
<testng-results ignored="0" total="1" passed="1" failed="0" skipped="0">
  <reporter-output>
  </reporter-output>
  <suite started-at="2021-07-10T22:57:25 IST" name="Default suite" finished-at="2021-07-10T22:58:46 IST" duration-ms="80634">
    <groups>
    </groups>
    <test started-at="2021-07-10T22:57:25 IST" name="Default test" finished-at="2021-07-10T22:58:46 IST" duration-ms="80634">
      <class name="com.appium.TestFlipkart">
        <test-method is-config="true" signature="setUp()[pri:0, instance:com.appium.TestFlipkart@778d1062]" started-at="2021-07-10T22:57:25 IST" name="setUp" finished-at="2021-07-10T22:58:00 IST" duration-ms="34839" status="PASS">
          <reporter-output>
          </reporter-output>
        </test-method> <!-- setUp -->
        <test-method signature="testLocation()[pri:0, instance:com.appium.TestFlipkart@778d1062]" started-at="2021-07-10T22:58:00 IST" name="testLocation" finished-at="2021-07-10T22:58:45 IST" duration-ms="45634" status="PASS">
          <reporter-output>
          </reporter-output>
        </test-method> <!-- testLocation -->
      </class> <!-- com.appium.TestFlipkart -->
    </test> <!-- Default test -->
  </suite> <!-- Default suite -->
</testng-results>
